           4  # of open bnd
 Element list:
         233  bnd #           1
           1       26269
           2       26270
           3       26271
           4       26272
           5       26274
           6       26277
           7       26283
           8       26285
           9       26287
          10       26288
          11       26289
          12       26290
          13       26291
          14       26303
          15       26304
          16       26309
          17       26319
          18       26344
          19       26345
          20       26346
          21       26348
          22       26354
          23       26358
          24       26359
          25       26360
          26       26361
          27       26362
          28       26363
          29       26364
          30       26365
          31       26421
          32       26426
          33       26429
          34       26436
          35       26459
          36       26465
          37       26474
          38       26584
          39       26586
          40       26589
          41       26600
          42       26601
          43       26602
          44       26603
          45       26605
          46       26660
          47       26662
          48       26663
          49       26664
          50       26666
          51       26676
          52       26677
          53       26678
          54       26679
          55       26680
          56       26681
          57       26682
          58       26683
          59       26691
          60       26694
          61       26921
          62       26922
          63       26923
          64       26952
          65       26958
          66       26959
          67       27077
          68       27083
          69       27084
          70       27119
          71       27120
          72       27121
          73       27562
          74       27563
          75       27564
          76       27565
          77       27567
          78       27581
          79       27582
          80       27638
          81       27639
          82       27640
          83       27642
          84       27644
          85       27654
          86       27655
          87       27656
          88       27657
          89       27659
          90       27665
          91       27671
          92       27882
          93       27883
          94       27884
          95       27885
          96       27887
          97       27899
          98       27900
          99       27902
         100       27903
         101       27956
         102       27957
         103       27958
         104       27959
         105       27966
         106       27970
         107       27971
         108       27972
         109       27973
         110       27974
         111       27975
         112       27984
         113       27985
         114       28957
         115       29034
         116       29403
         117       29439
         118       29769
         119       29770
         120       29771
         121       29772
         122       29773
         123       29783
         124       29785
         125       29786
         126       29787
         127       29788
         128       29789
         129       29790
         130       29793
         131       29799
         132       29843
         133       29844
         134       29845
         135       29846
         136       29847
         137       29858
         138       29859
         139       29860
         140       29861
         141       29862
         142       29864
         143       29871
         144       30083
         145       30085
         146       30086
         147       30088
         148       30098
         149       30100
         150       30102
         151       30105
         152       30107
         153       30159
         154       30160
         155       30161
         156       30162
         157       30164
         158       30176
         159       30177
         160       30178
         161       30179
         162       30181
         163       30989
         164       30990
         165       30991
         166       30992
         167       30993
         168       30997
         169       31003
         170       31004
         171       31005
         172       31011
         173       31016
         174       31054
         175       31055
         176       31056
         177       31057
         178       31058
         179       31059
         180       31069
         181       31070
         182       31071
         183       31072
         184       31077
         185       31080
         186       31210
         187       31212
         188       31214
         189       31217
         190       31218
         191       31220
         192       31229
         193       31230
         194       31234
         195       31235
         196       31252
         197       31255
         198       31264
         199       33801
         200       33876
         201       35408
         202       35413
         203       35423
         204       35453
         205       35458
         206       35460
         207       35581
         208       35610
         209       35619
         210       35643
         211       35855
         212       35857
         213       35860
         214       35861
         215       35863
         216       35889
         217       35891
         218       35892
         219       35898
         220       35907
         221       35962
         222       35964
         223       35967
         224       35969
         225       35971
         226       35978
         227       35979
         228       35980
         229       35981
         230       35983
         231       36010
         232       49205
         233       49206
           2  bnd #           2
           1       24399
           2       24400
           2  bnd #           3
           1       24391
           2       24392
           2  bnd #           4
           1       50617
           2       50618
 Side list:
          84  bnd #           1
           1       47499
           2       47504
           3       47533
           4       47540
           5       47558
           6       47624
           7       47625
           8       47651
           9       47656
          10       47659
          11       47745
          12       47770
          13       48001
          14       48025
          15       48119
          16       48126
          17       48144
          18       48150
          19       48154
          20       48519
          21       48578
          22       48766
          23       48826
          24       49492
          25       49522
          26       49607
          27       49616
          28       49633
          29       49635
          30       49981
          31       49983
          32       50011
          33       50016
          34       50099
          35       50121
          36       50124
          37       50125
          38       50131
          39       51744
          40       52357
          41       52849
          42       52854
          43       52875
          44       52878
          45       52882
          46       52966
          47       52972
          48       52999
          49       53002
          50       53344
          51       53379
          52       53382
          53       53464
          54       53489
          55       53493
          56       54758
          57       54759
          58       54780
          59       54785
          60       54865
          61       54867
          62       54873
          63       54890
          64       54892
          65       54897
          66       55110
          67       55123
          68       55139
          69       55147
          70       55174
          71       63224
          72       63309
          73       63558
          74       63592
          75       63912
          76       63924
          77       63970
          78       63998
          79       64078
          80       64097
          81       64112
          82       64114
          83       82748
          84       82750
           2  bnd #           2
           1       45028
           2       45031
           2  bnd #           3
           1       45007
           2       45008
           2  bnd #           4
           1       84823
           2       84826
